2024-08-27 21:55:22 info: Congratulations, your extension "Embold" is now active!
2024-08-27 21:55:22 info: tempDirectory : c:\Users\mxkin\.vscode\extensions\embold-vscode.embold-0.1.8\temp
2024-08-27 21:55:24 info: Extraction complete for source: c:\Users\mxkin\.vscode\extensions\embold-vscode.embold-0.1.8\resources\embold-scanner-archive.zip, destination: c:\Users\mxkin\.vscode\extensions\embold-vscode.embold-0.1.8\temp
2024-08-27 21:55:24 info: Extension installed on machine OS : win32
2024-08-27 21:55:24 info: Fetched the issues from DB
2024-08-27 21:55:25 info: Java version installed on machine : 
java version "21.0.2" 2024-01-16 LTS
Java(TM) SE Runtime Environment (build 21.0.2+13-LTS-58)
Java HotSpot(TM) 64-Bit Server VM (build 21.0.2+13-LTS-58, mixed mode, sharing)

2024-08-27 21:55:25 info: Java installed on machine.
2024-08-27 21:55:25 info: Embold extension version response:{"hasSupport":false,"version":"0.1.6","changeNotes":"<div> <p>Release Date: 09 Oct, 2023 <br><span>Bug fixes and improvements.</span></p> </div>"}
2024-08-27 21:55:25 info: Current installed embold extension version : 0.1.8
2024-08-27 21:55:25 info: Latest embold extension version on marketplace : 0.1.6
2024-08-27 21:57:37 info: Row(s) deleted
2024-08-27 21:57:44 info: Row(s) deleted
2024-08-27 21:57:44 info: Row(s) deleted
2024-08-27 22:00:47 info: Row(s) deleted
2024-08-27 22:00:54 info: Row(s) deleted
2024-08-27 22:05:41 info: Row(s) deleted
2024-08-27 22:10:11 info: Row(s) deleted
2024-08-27 22:10:17 info: Row(s) deleted
2024-08-27 22:10:28 info: Row(s) deleted
2024-08-27 22:12:11 info: Row(s) deleted
2024-08-27 22:14:27 info: Row(s) deleted
2024-08-27 22:43:39 info: Row(s) deleted
